Сборка начата 09.05.2015 15:33:02.
     1>Проект "C:\My Documents\Visual Studio 2010\Projects\TIMPPrim\TIMPPrim\TIMPPrim.vcxproj" в узле 2 (целевые объекты build).
     1>InitializeBuildStatus:
         Обращение к "Debug\TIMPPrim.unsuccessfulbuild".
       ClCompile:
         C:\Program Files (x86)\Microsoft Visual Studio 10.0\VC\bin\CL.exe /c /ZI /nologo /W3 /WX- /Od /Oy- /D WIN32 /D _DEBUG /D _CONSOLE /D _UNICODE /D UNICODE /Gm /EHsc /RTC1 /MDd /GS /fp:precise /Zc:wchar_t /Zc:forScope /Fo"Debug\\" /Fd"Debug\vc100.pdb" /Gd /TP /analyze- /errorReport:prompt 131.cpp
         131.cpp
       ManifestResourceCompile:
         Для всех выходных данных обновления не требуется.
       Link:
         C:\Program Files (x86)\Microsoft Visual Studio 10.0\VC\bin\link.exe /ERRORREPORT:PROMPT /OUT:"C:\My Documents\Visual Studio 2010\Projects\TIMPPrim\Debug\TIMPPrim.exe" /INCREMENTAL /NOLOGO kernel32.lib user32.lib gdi32.lib winspool.lib comdlg32.lib advapi32.lib shell32.lib ole32.lib oleaut32.lib uuid.lib odbc32.lib odbccp32.lib /MANIFEST /ManifestFile:"Debug\TIMPPrim.exe.intermediate.manifest" /MANIFESTUAC:"level='asInvoker' uiAccess='false'" /DEBUG /PDB:"C:\My Documents\Visual Studio 2010\Projects\TIMPPrim\Debug\TIMPPrim.pdb" /SUBSYSTEM:CONSOLE /TLBID:1 /DYNAMICBASE /NXCOMPAT /IMPLIB:"C:\My Documents\Visual Studio 2010\Projects\TIMPPrim\Debug\TIMPPrim.lib" /MACHINE:X86 Debug\TIMPPrim.exe.embed.manifest.res
         Debug\131.obj
       Manifest:
         c:\Program Files (x86)\Microsoft SDKs\Windows\v7.0A\bin\mt.exe /nologo /verbose /out:"Debug\TIMPPrim.exe.embed.manifest" /manifest Debug\TIMPPrim.exe.intermediate.manifest
         Для всех выходных данных обновления не требуется.
       LinkEmbedManifest:
         Для всех выходных данных обновления не требуется.
         TIMPPrim.vcxproj -> C:\My Documents\Visual Studio 2010\Projects\TIMPPrim\Debug\TIMPPrim.exe
       FinalizeBuildStatus:
         Файл "Debug\TIMPPrim.unsuccessfulbuild" удаляется.
         Обращение к "Debug\TIMPPrim.lastbuildstate".
     1>Построение проекта "C:\My Documents\Visual Studio 2010\Projects\TIMPPrim\TIMPPrim\TIMPPrim.vcxproj" завершено (целевые объекты build).

Построение успешно завершено.

Затраченное время: 00:00:00.61
